2025/07/31 - 11:35:21.150	[34minfo[0m	/Users/liuchao/Documents/golang/blog/initialize/router.go:18	register swagger handler
2025/07/31 - 11:36:07.643	[34minfo[0m	/Users/liuchao/Documents/golang/blog/initialize/router.go:18	register swagger handler
2025/07/31 - 11:36:07.649	[34minfo[0m	/Users/liuchao/Documents/golang/blog/initialize/router.go:40	router register success
2025/07/31 - 11:36:07.650	[34minfo[0m	/Users/liuchao/Documents/golang/blog/core/server.go:41	service run success on 	{"address": ":9999"}
2025/07/31 - 11:37:59.528	[34minfo[0m	/Users/liuchao/Documents/golang/blog/initialize/router.go:18	register swagger handler
2025/07/31 - 11:37:59.532	[34minfo[0m	/Users/liuchao/Documents/golang/blog/initialize/router.go:40	router register success
2025/07/31 - 11:37:59.532	[34minfo[0m	/Users/liuchao/Documents/golang/blog/core/server.go:41	service run success on 	{"address": ":9999"}
2025/07/31 - 15:50:52.050	[34minfo[0m	/Users/liuchao/Documents/golang/blog/initialize/router.go:18	register swagger handler
2025/07/31 - 15:50:52.057	[34minfo[0m	/Users/liuchao/Documents/golang/blog/initialize/router.go:40	router register success
2025/07/31 - 15:50:52.057	[34minfo[0m	/Users/liuchao/Documents/golang/blog/core/server.go:41	service run success on 	{"address": ":9999"}
2025/07/31 - 15:54:52.973	[34minfo[0m	/Users/liuchao/Documents/golang/blog/initialize/router.go:18	register swagger handler
2025/07/31 - 15:54:52.975	[34minfo[0m	/Users/liuchao/Documents/golang/blog/initialize/router.go:40	router register success
2025/07/31 - 15:54:52.975	[34minfo[0m	/Users/liuchao/Documents/golang/blog/core/server.go:41	service run success on 	{"address": ":9999"}
2025/07/31 - 15:59:46.286	[34minfo[0m	/Users/liuchao/Documents/golang/blog/initialize/router.go:18	register swagger handler
2025/07/31 - 15:59:46.290	[34minfo[0m	/Users/liuchao/Documents/golang/blog/initialize/router.go:40	router register success
2025/07/31 - 15:59:46.290	[34minfo[0m	/Users/liuchao/Documents/golang/blog/core/server.go:41	service run success on 	{"address": ":9999"}
2025/07/31 - 19:23:43.875	[34minfo[0m	/Users/liuchao/Documents/golang/blog/initialize/router.go:18	register swagger handler
2025/07/31 - 19:23:43.879	[34minfo[0m	/Users/liuchao/Documents/golang/blog/initialize/router.go:40	router register success
2025/07/31 - 19:23:43.879	[34minfo[0m	/Users/liuchao/Documents/golang/blog/core/server.go:41	service run success on 	{"address": ":9999"}
2025/07/31 - 21:51:34.701	[34minfo[0m	/Users/liuchao/Downloads/golang/web3-Road/Golang/blog/initialize/router.go:18	register swagger handler
2025/07/31 - 21:51:34.702	[34minfo[0m	/Users/liuchao/Downloads/golang/web3-Road/Golang/blog/initialize/router.go:40	router register success
2025/07/31 - 21:51:34.702	[34minfo[0m	/Users/liuchao/Downloads/golang/web3-Road/Golang/blog/core/server.go:41	service run success on 	{"address": ":9999"}
2025/07/31 - 21:52:40.905	[34minfo[0m	/Users/liuchao/Downloads/golang/web3-Road/Golang/blog/initialize/router.go:18	register swagger handler
2025/07/31 - 21:52:40.906	[34minfo[0m	/Users/liuchao/Downloads/golang/web3-Road/Golang/blog/initialize/router.go:40	router register success
2025/07/31 - 21:52:40.906	[34minfo[0m	/Users/liuchao/Downloads/golang/web3-Road/Golang/blog/core/server.go:41	service run success on 	{"address": ":9999"}
2025/07/31 - 21:57:52.162	[34minfo[0m	/Users/liuchao/Downloads/golang/web3-Road/Golang/blog/initialize/gorm.go:35	register table success
2025/07/31 - 21:57:52.164	[34minfo[0m	/Users/liuchao/Downloads/golang/web3-Road/Golang/blog/initialize/router.go:18	register swagger handler
2025/07/31 - 21:57:52.164	[34minfo[0m	/Users/liuchao/Downloads/golang/web3-Road/Golang/blog/initialize/router.go:40	router register success
2025/07/31 - 21:57:52.164	[34minfo[0m	/Users/liuchao/Downloads/golang/web3-Road/Golang/blog/core/server.go:41	service run success on 	{"address": ":9999"}
2025/07/31 - 22:04:10.678	[34minfo[0m	/Users/liuchao/Downloads/golang/web3-Road/Golang/blog/initialize/gorm.go:35	register table success
2025/07/31 - 22:04:10.680	[34minfo[0m	/Users/liuchao/Downloads/golang/web3-Road/Golang/blog/initialize/router.go:18	register swagger handler
2025/07/31 - 22:04:10.680	[34minfo[0m	/Users/liuchao/Downloads/golang/web3-Road/Golang/blog/initialize/router.go:40	router register success
2025/07/31 - 22:04:10.680	[34minfo[0m	/Users/liuchao/Downloads/golang/web3-Road/Golang/blog/core/server.go:41	service run success on 	{"address": ":9999"}
2025/07/31 - 22:05:48.001	[34minfo[0m	/Users/liuchao/Downloads/golang/web3-Road/Golang/blog/initialize/router.go:18	register swagger handler
2025/07/31 - 22:05:48.002	[34minfo[0m	/Users/liuchao/Downloads/golang/web3-Road/Golang/blog/initialize/router.go:40	router register success
2025/07/31 - 22:05:48.002	[34minfo[0m	/Users/liuchao/Downloads/golang/web3-Road/Golang/blog/core/server.go:41	service run success on 	{"address": ":9999"}
2025/07/31 - 22:05:50.152	[34minfo[0m	/Users/liuchao/Downloads/golang/web3-Road/Golang/blog/initialize/router.go:18	register swagger handler
2025/07/31 - 22:05:50.154	[34minfo[0m	/Users/liuchao/Downloads/golang/web3-Road/Golang/blog/initialize/router.go:40	router register success
2025/07/31 - 22:05:50.154	[34minfo[0m	/Users/liuchao/Downloads/golang/web3-Road/Golang/blog/core/server.go:41	service run success on 	{"address": ":9999"}
2025/07/31 - 22:05:55.578	[34minfo[0m	/Users/liuchao/Downloads/golang/web3-Road/Golang/blog/initialize/router.go:18	register swagger handler
2025/07/31 - 22:05:55.579	[34minfo[0m	/Users/liuchao/Downloads/golang/web3-Road/Golang/blog/initialize/router.go:40	router register success
2025/07/31 - 22:05:55.579	[34minfo[0m	/Users/liuchao/Downloads/golang/web3-Road/Golang/blog/core/server.go:41	service run success on 	{"address": ":9999"}
2025/07/31 - 22:09:13.526	[34minfo[0m	/Users/liuchao/Downloads/golang/web3-Road/Golang/blog/initialize/router.go:18	register swagger handler
2025/07/31 - 22:09:13.529	[34minfo[0m	/Users/liuchao/Downloads/golang/web3-Road/Golang/blog/initialize/router.go:40	router register success
2025/07/31 - 22:09:13.529	[34minfo[0m	/Users/liuchao/Downloads/golang/web3-Road/Golang/blog/core/server.go:41	service run success on 	{"address": ":9999"}
2025/07/31 - 22:10:02.167	[34minfo[0m	/Users/liuchao/Downloads/golang/web3-Road/Golang/blog/initialize/router.go:18	register swagger handler
2025/07/31 - 22:10:02.169	[34minfo[0m	/Users/liuchao/Downloads/golang/web3-Road/Golang/blog/initialize/router.go:40	router register success
2025/07/31 - 22:10:02.169	[34minfo[0m	/Users/liuchao/Downloads/golang/web3-Road/Golang/blog/core/server.go:41	service run success on 	{"address": ":9999"}
2025/07/31 - 22:11:41.495	[34minfo[0m	/Users/liuchao/Downloads/golang/web3-Road/Golang/blog/initialize/router.go:18	register swagger handler
2025/07/31 - 22:11:41.497	[34minfo[0m	/Users/liuchao/Downloads/golang/web3-Road/Golang/blog/initialize/router.go:40	router register success
2025/07/31 - 22:11:41.498	[34minfo[0m	/Users/liuchao/Downloads/golang/web3-Road/Golang/blog/core/server.go:41	service run success on 	{"address": ":9999"}
2025/07/31 - 22:13:36.935	[34minfo[0m	/Users/liuchao/Downloads/golang/web3-Road/Golang/blog/initialize/router.go:18	register swagger handler
2025/07/31 - 22:13:36.937	[34minfo[0m	/Users/liuchao/Downloads/golang/web3-Road/Golang/blog/initialize/router.go:40	router register success
2025/07/31 - 22:13:36.937	[34minfo[0m	/Users/liuchao/Downloads/golang/web3-Road/Golang/blog/core/server.go:41	service run success on 	{"address": ":9999"}
2025/07/31 - 22:14:53.601	[34minfo[0m	/Users/liuchao/Downloads/golang/web3-Road/Golang/blog/initialize/router.go:18	register swagger handler
2025/07/31 - 22:14:53.602	[34minfo[0m	/Users/liuchao/Downloads/golang/web3-Road/Golang/blog/initialize/router.go:40	router register success
2025/07/31 - 22:14:53.602	[34minfo[0m	/Users/liuchao/Downloads/golang/web3-Road/Golang/blog/core/server.go:41	service run success on 	{"address": ":9999"}
2025/07/31 - 22:17:45.407	[34minfo[0m	/Users/liuchao/Downloads/golang/web3-Road/Golang/blog/initialize/router.go:18	register swagger handler
2025/07/31 - 22:17:45.408	[34minfo[0m	/Users/liuchao/Downloads/golang/web3-Road/Golang/blog/initialize/router.go:40	router register success
2025/07/31 - 22:17:45.408	[34minfo[0m	/Users/liuchao/Downloads/golang/web3-Road/Golang/blog/core/server.go:41	service run success on 	{"address": ":9999"}
2025/07/31 - 22:20:24.718	[34minfo[0m	/Users/liuchao/Downloads/golang/web3-Road/Golang/blog/initialize/router.go:18	register swagger handler
2025/07/31 - 22:20:24.719	[34minfo[0m	/Users/liuchao/Downloads/golang/web3-Road/Golang/blog/initialize/router.go:40	router register success
2025/07/31 - 22:20:24.719	[34minfo[0m	/Users/liuchao/Downloads/golang/web3-Road/Golang/blog/core/server.go:41	service run success on 	{"address": ":9999"}
2025/07/31 - 22:23:35.705	[34minfo[0m	/Users/liuchao/Downloads/golang/web3-Road/Golang/blog/initialize/router.go:18	register swagger handler
2025/07/31 - 22:23:35.708	[34minfo[0m	/Users/liuchao/Downloads/golang/web3-Road/Golang/blog/initialize/router.go:40	router register success
2025/07/31 - 22:23:35.708	[34minfo[0m	/Users/liuchao/Downloads/golang/web3-Road/Golang/blog/core/server.go:41	service run success on 	{"address": ":9999"}
2025/07/31 - 22:27:04.706	[34minfo[0m	/Users/liuchao/Downloads/golang/web3-Road/Golang/blog/initialize/router.go:18	register swagger handler
2025/07/31 - 22:27:04.708	[34minfo[0m	/Users/liuchao/Downloads/golang/web3-Road/Golang/blog/initialize/router.go:40	router register success
2025/07/31 - 22:27:04.708	[34minfo[0m	/Users/liuchao/Downloads/golang/web3-Road/Golang/blog/core/server.go:41	service run success on 	{"address": ":9999"}
2025/07/31 - 22:29:12.501	[34minfo[0m	/Users/liuchao/Downloads/golang/web3-Road/Golang/blog/initialize/router.go:18	register swagger handler
2025/07/31 - 22:29:12.504	[34minfo[0m	/Users/liuchao/Downloads/golang/web3-Road/Golang/blog/initialize/router.go:40	router register success
2025/07/31 - 22:29:12.504	[34minfo[0m	/Users/liuchao/Downloads/golang/web3-Road/Golang/blog/core/server.go:41	service run success on 	{"address": ":9999"}
2025/07/31 - 22:30:56.428	[34minfo[0m	/Users/liuchao/Downloads/golang/web3-Road/Golang/blog/initialize/router.go:18	register swagger handler
2025/07/31 - 22:30:56.429	[34minfo[0m	/Users/liuchao/Downloads/golang/web3-Road/Golang/blog/initialize/router.go:40	router register success
2025/07/31 - 22:30:56.429	[34minfo[0m	/Users/liuchao/Downloads/golang/web3-Road/Golang/blog/core/server.go:41	service run success on 	{"address": ":9999"}
2025/07/31 - 22:46:35.908	[34minfo[0m	/Users/liuchao/Downloads/golang/web3-Road/Golang/blog/initialize/router.go:18	register swagger handler
2025/07/31 - 22:46:35.912	[34minfo[0m	/Users/liuchao/Downloads/golang/web3-Road/Golang/blog/initialize/router.go:41	router register success
2025/07/31 - 22:46:35.912	[34minfo[0m	/Users/liuchao/Downloads/golang/web3-Road/Golang/blog/core/server.go:41	service run success on 	{"address": ":9999"}
2025/07/31 - 22:50:42.993	[34minfo[0m	/Users/liuchao/Downloads/golang/web3-Road/Golang/blog/initialize/router.go:18	register swagger handler
2025/07/31 - 22:50:42.996	[34minfo[0m	/Users/liuchao/Downloads/golang/web3-Road/Golang/blog/initialize/router.go:41	router register success
2025/07/31 - 22:50:42.996	[34minfo[0m	/Users/liuchao/Downloads/golang/web3-Road/Golang/blog/core/server.go:41	service run success on 	{"address": ":9999"}
2025/07/31 - 22:56:40.655	[34minfo[0m	/Users/liuchao/Downloads/golang/web3-Road/Golang/blog/initialize/router.go:18	register swagger handler
2025/07/31 - 22:56:40.657	[34minfo[0m	/Users/liuchao/Downloads/golang/web3-Road/Golang/blog/initialize/router.go:41	router register success
2025/07/31 - 22:56:40.657	[34minfo[0m	/Users/liuchao/Downloads/golang/web3-Road/Golang/blog/core/server.go:41	service run success on 	{"address": ":9999"}
2025/07/31 - 22:57:41.192	[34minfo[0m	/Users/liuchao/Downloads/golang/web3-Road/Golang/blog/initialize/router.go:18	register swagger handler
2025/07/31 - 22:57:41.194	[34minfo[0m	/Users/liuchao/Downloads/golang/web3-Road/Golang/blog/initialize/router.go:41	router register success
2025/07/31 - 22:57:41.195	[34minfo[0m	/Users/liuchao/Downloads/golang/web3-Road/Golang/blog/core/server.go:41	service run success on 	{"address": ":9999"}
